<?xml version="1.0" encoding="UTF-8"?>
<!-- Generated by org.testng.reporters.JUnitReportReporter -->
<testsuite hostname="IN-PF42ERS2" failures="0" tests="2" name="com.dazn.automation.tests.HomePageTest" time="21.962" errors="0" timestamp="2024-08-03T16:08:56 IST" skipped="0">
  <testcase classname="com.dazn.automation.tests.HomePageTest" name="testPopUpAvailability" time="16.175"/>
  <system-out/>
  <testcase classname="com.dazn.automation.tests.HomePageTest" name="testEventAvailability" time="5.787"/>
  <system-out/>
</testsuite> <!-- com.dazn.automation.tests.HomePageTest -->
