<?xml version="1.0" encoding="UTF-8"?>
<!-- Generated by org.testng.reporters.JUnitReportReporter -->
<testsuite hostname="IN-PF42ERS2" failures="0" tests="1" name="com.dazn.automation.tests.LoginTest" time="4.933" errors="0" timestamp="2024-09-07T21:09:54 IST" skipped="0">
  <testcase classname="com.dazn.automation.tests.LoginTest" name="testValidLogin" time="4.933"/>
  <system-out/>
</testsuite> <!-- com.dazn.automation.tests.LoginTest -->
